# JRE version: OpenJDK Runtime Environment (11.0.13) (build 11.0.13+0-b1751.21-8125866)
# Java VM: OpenJDK 64-Bit Server VM (11.0.13+0-b1751.21-8125866, mixed mode, tiered, compressed oops, g1 gc, windows-amd64)
Heap:
 garbage-first heap   total 1051648K, used 320660K [0x0000000080000000, 0x0000000100000000)
  region size 1024K, 2 young (2048K), 2 survivors (2048K)
 Metaspace       used 129686K, capacity 132524K, committed 132688K, reserved 1165312K
  class space    used 15670K, capacity 16734K, committed 16768K, reserved 1048576K
GC Heap History (20 events):
Event: 78.696 GC heap after
{Heap after GC invocations=63 (full 0):
 garbage-first heap   total 276480K, used 235008K [0x0000000080000000, 0x0000000100000000)
  region size 1024K, 2 young (2048K), 2 survivors (2048K)
 Metaspace       used 129509K, capacity 132330K, committed 132432K, reserved 1165312K
  class space    used 15667K, capacity 16734K, committed 16768K, reserved 1048576K
}
Event: 78.716 GC heap before
{Heap before GC invocations=63 (full 0):
 garbage-first heap   total 276480K, used 246272K [0x0000000080000000, 0x0000000100000000)
  region size 1024K, 13 young (13312K), 2 survivors (2048K)
 Metaspace       used 129509K, capacity 132330K, committed 132432K, reserved 1165312K
  class space    used 15667K, capacity 16734K, committed 16768K, reserved 1048576K
}
Event: 78.728 GC heap after
{Heap after GC invocations=64 (full 0):
 garbage-first heap   total 276480K, used 243712K [0x0000000080000000, 0x0000000100000000)
  region size 1024K, 2 young (2048K), 2 survivors (2048K)
 Metaspace       used 129509K, capacity 132330K, committed 132432K, reserved 1165312K
  class space    used 15667K, capacity 16734K, committed 16768K, reserved 1048576K
}
Event: 78.755 GC heap before
{Heap before GC invocations=64 (full 0):
 garbage-first heap   total 276480K, used 254976K [0x0000000080000000, 0x0000000100000000)
  region size 1024K, 13 young (13312K), 2 survivors (2048K)
 Metaspace       used 129509K, capacity 132330K, committed 132432K, reserved 1165312K
  class space    used 15667K, capacity 16734K, committed 16768K, reserved 1048576K
}
Event: 78.773 GC heap after
{Heap after GC invocations=65 (full 0):
 garbage-first heap   total 276480K, used 252786K [0x0000000080000000, 0x0000000100000000)
  region size 1024K, 2 young (2048K), 2 survivors (2048K)
 Metaspace       used 129509K, capacity 132330K, committed 132432K, reserved 1165312K
  class space    used 15667K, capacity 16734K, committed 16768K, reserved 1048576K
}
Event: 78.807 GC heap before
{Heap before GC invocations=65 (full 0):
 garbage-first heap   total 276480K, used 264050K [0x0000000080000000, 0x0000000100000000)
  region size 1024K, 13 young (13312K), 2 survivors (2048K)
 Metaspace       used 129509K, capacity 132330K, committed 132432K, reserved 1165312K
  class space    used 15667K, capacity 16734K, committed 16768K, reserved 1048576K
}
Event: 78.824 GC heap after
{Heap after GC invocations=66 (full 0):
 garbage-first heap   total 276480K, used 261538K [0x0000000080000000, 0x0000000100000000)
  region size 1024K, 2 young (2048K), 2 survivors (2048K)
 Metaspace       used 129509K, capacity 132330K, committed 132432K, reserved 1165312K
  class space    used 15667K, capacity 16734K, committed 16768K, reserved 1048576K
}
Event: 78.861 GC heap before
{Heap before GC invocations=66 (full 0):
 garbage-first heap   total 276480K, used 272802K [0x0000000080000000, 0x0000000100000000)
  region size 1024K, 13 young (13312K), 2 survivors (2048K)
 Metaspace       used 129510K, capacity 132330K, committed 132432K, reserved 1165312K
  class space    used 15667K, capacity 16734K, committed 16768K, reserved 1048576K
}
Event: 78.878 GC heap after
{Heap after GC invocations=67 (full 0):
 garbage-first heap   total 280576K, used 266635K [0x0000000080000000, 0x0000000100000000)
  region size 1024K, 2 young (2048K), 2 survivors (2048K)
 Metaspace       used 129510K, capacity 132330K, committed 132432K, reserved 1165312K
  class space    used 15667K, capacity 16734K, committed 16768K, reserved 1048576K
}
Event: 78.971 GC heap before
{Heap before GC invocations=68 (full 0):
 garbage-first heap   total 280576K, used 277899K [0x0000000080000000, 0x0000000100000000)
  region size 1024K, 13 young (13312K), 2 survivors (2048K)
 Metaspace       used 129550K, capacity 132394K, committed 132432K, reserved 1165312K
  class space    used 15667K, capacity 16734K, committed 16768K, reserved 1048576K
}
Event: 78.978 GC heap after
{Heap after GC invocations=69 (full 0):
 garbage-first heap   total 281600K, used 267982K [0x0000000080000000, 0x0000000100000000)
  region size 1024K, 1 young (1024K), 1 survivors (1024K)
 Metaspace       used 129550K, capacity 132394K, committed 132432K, reserved 1165312K
  class space    used 15667K, capacity 16734K, committed 16768K, reserved 1048576K
}
Event: 79.054 GC heap before
{Heap before GC invocations=69 (full 0):
 garbage-first heap   total 281600K, used 280270K [0x0000000080000000, 0x0000000100000000)
  region size 1024K, 13 young (13312K), 1 survivors (1024K)
 Metaspace       used 129612K, capacity 132458K, committed 132688K, reserved 1165312K
  class space    used 15667K, capacity 16734K, committed 16768K, reserved 1048576K
}
Event: 79.105 GC heap after
{Heap after GC invocations=70 (full 0):
 garbage-first heap   total 353280K, used 271906K [0x0000000080000000, 0x0000000100000000)
  region size 1024K, 2 young (2048K), 2 survivors (2048K)
 Metaspace       used 129612K, capacity 132458K, committed 132688K, reserved 1165312K
  class space    used 15667K, capacity 16734K, committed 16768K, reserved 1048576K
}
Event: 79.167 GC heap before
{Heap before GC invocations=70 (full 0):
 garbage-first heap   total 353280K, used 290338K [0x0000000080000000, 0x0000000100000000)
  region size 1024K, 20 young (20480K), 2 survivors (2048K)
 Metaspace       used 129612K, capacity 132458K, committed 132688K, reserved 1165312K
  class space    used 15667K, capacity 16734K, committed 16768K, reserved 1048576K
}
Event: 79.191 GC heap after
{Heap after GC invocations=71 (full 0):
 garbage-first heap   total 353280K, used 290410K [0x0000000080000000, 0x0000000100000000)
  region size 1024K, 3 young (3072K), 3 survivors (3072K)
 Metaspace       used 129612K, capacity 132458K, committed 132688K, reserved 1165312K
  class space    used 15667K, capacity 16734K, committed 16768K, reserved 1048576K
}
Event: 79.236 GC heap before
{Heap before GC invocations=71 (full 0):
 garbage-first heap   total 353280K, used 304746K [0x0000000080000000, 0x0000000100000000)
  region size 1024K, 17 young (17408K), 3 survivors (3072K)
 Metaspace       used 129612K, capacity 132458K, committed 132688K, reserved 1165312K
  class space    used 15667K, capacity 16734K, committed 16768K, reserved 1048576K
}
Event: 79.259 GC heap after
{Heap after GC invocations=72 (full 0):
 garbage-first heap   total 353280K, used 305664K [0x0000000080000000, 0x0000000100000000)
  region size 1024K, 3 young (3072K), 3 survivors (3072K)
 Metaspace       used 129612K, capacity 132458K, committed 132688K, reserved 1165312K
  class space    used 15667K, capacity 16734K, committed 16768K, reserved 1048576K
}
Event: 79.310 GC heap before
{Heap before GC invocations=72 (full 0):
 garbage-first heap   total 353280K, used 320000K [0x0000000080000000, 0x0000000100000000)
  region size 1024K, 17 young (17408K), 3 survivors (3072K)
 Metaspace       used 129612K, capacity 132458K, committed 132688K, reserved 1165312K
  class space    used 15667K, capacity 16734K, committed 16768K, reserved 1048576K
}
Event: 79.336 GC heap after
{Heap after GC invocations=73 (full 0):
 garbage-first heap   total 353280K, used 318464K [0x0000000080000000, 0x0000000100000000)
  region size 1024K, 3 young (3072K), 3 survivors (3072K)
 Metaspace       used 129612K, capacity 132458K, committed 132688K, reserved 1165312K
  class space    used 15667K, capacity 16734K, committed 16768K, reserved 1048576K
}
Event: 79.441 GC heap before
{Heap before GC invocations=73 (full 0):
 garbage-first heap   total 353280K, used 332800K [0x0000000080000000, 0x0000000100000000)
  region size 1024K, 17 young (17408K), 3 survivors (3072K)
 Metaspace       used 129686K, capacity 132524K, committed 132688K, reserved 1165312K
  class space    used 15670K, capacity 16734K, committed 16768K, reserved 1048576K
}

